2024-09-21 14:17:42,569::INFO::[SABnzbd:1142] --------------------------------
2024-09-21 14:17:42,569::INFO::[SABnzbd:1143] SABnzbd.py-4.3.3
2024-09-21 14:17:42,569::INFO::[SABnzbd:1153] Commit = f24b3ced280e381d0aac8bd9d9d98930ad397a59
2024-09-21 14:17:42,570::INFO::[SABnzbd:1155] Full executable path = /app/SABnzbd.py
2024-09-21 14:17:42,570::INFO::[SABnzbd:1156] Arguments = "/app/SABnzbd.py" "--browser" "0" "--server" "[::]:8080" "--config-file" "/config/sabnzbd.ini"
2024-09-21 14:17:42,570::INFO::[SABnzbd:1157] Python-version = 3.11.9 (main, Aug 22 2024, 22:17:24) [GCC 13.2.1 20231014]
2024-09-21 14:17:42,570::INFO::[SABnzbd:1158] Dockerized = True
2024-09-21 14:17:42,570::INFO::[SABnzbd:1159] CPU architecture = x86_64
2024-09-21 14:17:42,572::INFO::[SABnzbd:1162] Platform = posix - Linux-5.15.0-122-generic-x86_64-with
2024-09-21 14:17:42,572::INFO::[SABnzbd:1168] Preferred encoding = UTF-8
2024-09-21 14:17:42,573::INFO::[SABnzbd:1190] SSL version = OpenSSL 3.1.7 3 Sep 2024
2024-09-21 14:17:42,573::INFO::[SABnzbd:1199] Certifi version = 2024.07.04
2024-09-21 14:17:42,574::INFO::[SABnzbd:1200] Loaded additional certificates from /usr/lib/python3.11/site-packages/certifi/cacert.pem
2024-09-21 14:17:42,574::INFO::[SABnzbd:1210] Using INI file /config/sabnzbd.ini
2024-09-21 14:17:42,574::INFO::[filesystem:747] Creating directories: /config/Downloads/incomplete
2024-09-21 14:17:42,574::INFO::[filesystem:747] Creating directories: /config/Downloads/complete
2024-09-21 14:17:42,575::INFO::[filesystem:1160] [N/A] /config/admin/totals10.sab missing
2024-09-21 14:17:42,612::INFO::[postproc:143] Loading postproc queue
2024-09-21 14:17:42,612::INFO::[filesystem:1160] [N/A] /config/admin/postproc2.sab missing
2024-09-21 14:17:42,613::INFO::[filesystem:1160] [N/A] /config/admin/watched_data2.sab missing
2024-09-21 14:17:42,613::INFO::[filesystem:1160] [N/A] /config/admin/rss_data.sab missing
2024-09-21 14:17:42,613::INFO::[scheduler:190] Scheduling RSS interval task every 60 min (delay=10)
2024-09-21 14:17:42,614::INFO::[scheduler:200] Scheduling version check in 10 minutes and daily at 7:43
2024-09-21 14:17:42,614::INFO::[scheduler:215] Setting schedule for midnight auto history-purge
2024-09-21 14:17:42,614::INFO::[scheduler:224] Setting schedule for midnight BPS reset
2024-09-21 14:17:42,614::INFO::[scheduler:233] Setting schedule for midnight server expiration check
2024-09-21 14:17:42,614::INFO::[scheduler:242] Setting schedule for server quota check
2024-09-21 14:17:42,614::INFO::[filesystem:1160] [N/A] /config/admin/queue10.sab missing
2024-09-21 14:17:42,617::INFO::[config:998] Writing settings to INI file /config/sabnzbd.ini
2024-09-21 14:17:42,618::INFO::[__init__:328] All processes started
2024-09-21 14:17:42,618::INFO::[SABnzbd:340] Template location for Glitter is /app/interfaces/Glitter
2024-09-21 14:17:42,618::INFO::[SABnzbd:340] Template location for Config is /app/interfaces/Config
2024-09-21 14:17:42,619::INFO::[misc:1260] [N/A] Running external command: ['/usr/bin/unrar']
2024-09-21 14:17:42,621::INFO::[misc:1260] [N/A] Running external command: ['/usr/bin/7zz']
2024-09-21 14:17:42,623::INFO::[misc:1260] [N/A] Running external command: ['/usr/local/bin/par2', '-V']
2024-09-21 14:17:42,624::INFO::[SABnzbd:425] SABCTools module (v8.2.5)... found!
2024-09-21 14:17:42,624::INFO::[SABnzbd:426] SABCTools module is using SIMD set: SSSE3
2024-09-21 14:17:42,625::INFO::[SABnzbd:427] SABCTools module is linked to OpenSSL: True
2024-09-21 14:17:42,625::INFO::[SABnzbd:447] Cryptography module (v43.0.0)... found!
2024-09-21 14:17:42,625::INFO::[SABnzbd:453] par2 binary... found (/usr/local/bin/par2)
2024-09-21 14:17:42,625::INFO::[SABnzbd:460] UNRAR binary... found (/usr/bin/unrar)
2024-09-21 14:17:42,625::INFO::[SABnzbd:468] UNRAR binary version 7.01
2024-09-21 14:17:42,625::INFO::[SABnzbd:475] 7za binary... found (/usr/bin/7zz)
2024-09-21 14:17:42,625::INFO::[SABnzbd:477] 7za binary version 23.01
2024-09-21 14:17:42,625::INFO::[SABnzbd:483] nice binary... found (/bin/nice)
2024-09-21 14:17:42,625::INFO::[SABnzbd:487] ionice binary... found (/bin/ionice)
2024-09-21 14:17:42,626::INFO::[SABnzbd:1404] Starting web-interface on :::8080
2024-09-21 14:17:42,626::INFO::[_cplogging:213] [21/Sep/2024:14:17:42] ENGINE Bus STARTING
2024-09-21 14:17:42,728::INFO::[_cplogging:213] [21/Sep/2024:14:17:42] ENGINE Serving on http://:::8080
2024-09-21 14:17:42,729::INFO::[_cplogging:213] [21/Sep/2024:14:17:42] ENGINE Bus STARTED
2024-09-21 14:17:42,729::INFO::[SABnzbd:1443] Starting SABnzbd.py-4.3.3
2024-09-21 14:17:42,730::INFO::[dirscanner:112] Dirscanner starting up
2024-09-21 14:17:42,731::INFO::[notifier:157] Sending notification: SABnzbd - SABnzbd 4.3.3 started (type=startup, job_cat=None)
2024-09-21 14:17:42,731::INFO::[zconfig:61] No bonjour/zeroconf support installed
2024-09-21 14:17:42,732::INFO::[ssdp:108] Serving SSDP on 172.18.0.5 as SABnzbd
2024-09-21 14:17:42,733::INFO::[database:607] Scheduled history purge
2024-09-21 14:18:12,736::INFO::[config:998] Writing settings to INI file /config/sabnzbd.ini
2024-09-21 14:31:08,929::INFO::[notifier:157] Sending notification: Warning - Signal 15 caught, saving and exiting... (type=warning, job_cat=None)
2024-09-21 14:31:08,929::WARNING::[__init__:199] Signal 15 caught, saving and exiting...
2024-09-21 14:31:08,929::INFO::[__init__:441] [N/A] Performing SABnzbd shutdown
2024-09-21 14:31:08,929::INFO::[__init__:358] SABnzbd shutting down...
2024-09-21 14:31:08,929::INFO::[ssdp:102] Stopping SSDP
2024-09-21 14:31:08,929::INFO::[directunpacker:561] Aborting all DirectUnpackers
2024-09-21 14:31:08,930::INFO::[notifier:157] Sending notification: SABnzbd - Shutting down (type=startup, job_cat=None)
2024-09-21 14:31:08,930::INFO::[downloader:640] Shutting down
2024-09-21 14:31:08,930::INFO::[nzbqueue:230] Saving queue
2024-09-21 14:31:08,930::INFO::[postproc:138] Saving postproc queue
2024-09-21 14:31:08,931::INFO::[__init__:427] All processes stopped
2024-09-21 14:31:08,931::INFO::[_cplogging:213] [21/Sep/2024:14:31:08] ENGINE Bus STOPPING
2024-09-21 14:31:09,023::INFO::[_cplogging:213] [21/Sep/2024:14:31:09] ENGINE HTTP Server cherrypy._cpwsgi_server.CPWSGIServer(('::', 8080)) shut down
2024-09-21 14:31:09,023::INFO::[_cplogging:213] [21/Sep/2024:14:31:09] ENGINE Bus STOPPED
2024-09-21 14:31:09,023::INFO::[_cplogging:213] [21/Sep/2024:14:31:09] ENGINE Bus EXITING
2024-09-21 14:31:09,023::INFO::[_cplogging:213] [21/Sep/2024:14:31:09] ENGINE Bus EXITED
2024-09-21 14:31:09,023::INFO::[notifier:157] Sending notification: SABnzbd - SABnzbd shutdown finished (type=startup, job_cat=None)
2024-09-21 14:31:09,024::INFO::[SABnzbd:1575] Leaving SABnzbd
